11296: 00:55:29.726 - ---
11296: 00:55:29.726 - Service: "Photon Socket Server" starting
11296: 00:55:29.726 - Config File: D:\Project\Test\Photon-OnPremise-Server-SDK_v4-0-29-11263\deploy\bin_Win64\PhotonServer.config
11296: 00:55:29.727 - Will produce at most: 10 crash dumps
11296: 00:55:29.727 - Service shutting down
11296: 00:55:29.728 - Service shut down complete
2276: 00:57:50.763 - ---
2276: 00:57:50.763 - Service: "Photon Socket Server" starting
2276: 00:57:50.763 - Config File: D:\Project\Test\Photon-OnPremise-Server-SDK_v4-0-29-11263\deploy\bin_Win64\PhotonServer.config
2276: 00:57:50.764 - Will produce at most: 10 crash dumps
2276: 00:57:50.764 - Service shutting down
2276: 00:57:50.765 - Service shut down complete
18808: 00:58:19.319 - ---
18808: 00:58:19.319 - Service: "Photon Socket Server" starting
18808: 00:58:19.319 - Config File: D:\Project\Test\Photon-OnPremise-Server-SDK_v4-0-29-11263\deploy\bin_Win64\PhotonServer.config
18808: 00:58:19.320 - Will produce at most: 10 crash dumps
18808: 00:58:19.320 - Service shutting down
18808: 00:58:19.321 - Service shut down complete
3516: 01:11:27.418 - ---
3516: 01:11:27.418 - Service: "Photon Socket Server" starting
3516: 01:11:27.418 - Config File: D:\Project\Test\Photon-OnPremise-Server-SDK_v4-0-29-11263\deploy\bin_Win64\PhotonServer.config
3516: 01:11:27.419 - Will produce at most: 10 crash dumps
3516: 01:11:27.419 - Service shutting down
3516: 01:11:27.420 - Service shut down complete
